\BOOKMARK [0][-]{chapter.1}{Les besoins de l'application}{}
\BOOKMARK [1][-]{section.1.1}{Affichage des s\351ries et \351pisodes}{chapter.1}
\BOOKMARK [1][-]{section.1.2}{Recherche de s\351ries et \351pisodes}{chapter.1}
\BOOKMARK [1][-]{section.1.3}{Ajout de s\351rie et \351pisode}{chapter.1}
\BOOKMARK [0][-]{chapter.2}{Organisation du travail d'\351quipe}{}
\BOOKMARK [1][-]{section.2.1}{Un outil de gestion de projet : Redmine}{chapter.2}
\BOOKMARK [1][-]{section.2.2}{Un logiciel de versionnement : Git}{chapter.2}
\BOOKMARK [1][-]{section.2.3}{R\351partition des t\342ches}{chapter.2}
\BOOKMARK [0][-]{chapter.3}{Impl\351mentation et conception}{}
\BOOKMARK [1][-]{section.3.1}{Mise en forme : les vues}{chapter.3}
\BOOKMARK [2][-]{subsection.3.1.1}{Le CSS}{section.3.1}
\BOOKMARK [2][-]{subsection.3.1.2}{Le JavaScript}{section.3.1}
\BOOKMARK [2][-]{subsection.3.1.3}{Le HTML}{section.3.1}
\BOOKMARK [1][-]{section.3.2}{Connexions \340 la base de donn\351es : Les mod\350les}{chapter.3}
\BOOKMARK [1][-]{section.3.3}{Liaison des vues aux mod\350les : Les contr\364leurs}{chapter.3}
\BOOKMARK [0][-]{chapter.4}{R\351sultats obtenus}{}
\BOOKMARK [1][-]{section.4.1}{Affichage des s\351ries et \351pisodes}{chapter.4}
\BOOKMARK [1][-]{section.4.2}{Recherche}{chapter.4}
\BOOKMARK [1][-]{section.4.3}{Ajout de s\351ries et \351pisodes}{chapter.4}
\BOOKMARK [1][-]{section.4.4}{Valide HTML5}{chapter.4}
\BOOKMARK [0][-]{appendix.A}{Table des figures}{}
\BOOKMARK [0][-]{appendix.B}{Liste des codes sources}{}
